<?xml version="1.0" encoding="UTF-8"?>
<testng-results ignored="0" total="1" passed="1" failed="0" skipped="0">
  <reporter-output>
  </reporter-output>
  <suite started-at="2025-06-16T11:42:56 CEST" name="Default suite" finished-at="2025-06-16T11:42:56 CEST" duration-ms="84">
    <groups>
    </groups>
    <test started-at="2025-06-16T11:42:56 CEST" name="Default test" finished-at="2025-06-16T11:42:56 CEST" duration-ms="84">
      <class name="StreamCollect">
        <test-method signature="test()[pri:0, instance:StreamCollect@313ac989]" started-at="2025-06-16T11:42:56 CEST" name="test" finished-at="2025-06-16T11:42:56 CEST" duration-ms="17" status="PASS">
          <reporter-output>
          </reporter-output>
        </test-method> <!-- test -->
      </class> <!-- StreamCollect -->
    </test> <!-- Default test -->
  </suite> <!-- Default suite -->
</testng-results>
